<?xml version="1.0" encoding="UTF-8"?>
<testng-results skipped="0" failed="0" ignored="0" total="1" passed="1">
  <reporter-output>
  </reporter-output>
  <suite name="inetbankingV3" duration-ms="169221" started-at="2023-01-25T08:47:43 IST" finished-at="2023-01-25T08:50:32 IST">
    <groups>
    </groups>
    <test name="BankingApp Test" duration-ms="169221" started-at="2023-01-25T08:47:43 IST" finished-at="2023-01-25T08:50:32 IST">
      <class name="com.inetbanking.testCases.TC_LoginTest_001">
        <test-method status="PASS" signature="setup(java.lang.String)[pri:0, instance:com.inetbanking.testCases.TC_LoginTest_001@c03f1f]" name="setup" is-config="true" duration-ms="148014" started-at="2023-01-25T08:47:43 IST" finished-at="2023-01-25T08:50:11 IST">
          <params>
            <param index="0">
              <value>
                <![CDATA[chrome]]>
              </value>
            </param>
          </params>
          <reporter-output>
          </reporter-output>
        </test-method> <!-- setup -->
        <test-method status="PASS" signature="loginTest()[pri:0, instance:com.inetbanking.testCases.TC_LoginTest_001@c03f1f]" name="loginTest" duration-ms="19637" started-at="2023-01-25T08:50:11 IST" finished-at="2023-01-25T08:50:31 IST">
          <reporter-output>
          </reporter-output>
        </test-method> <!-- loginTest -->
        <test-method status="PASS" signature="tearDown()[pri:0, instance:com.inetbanking.testCases.TC_LoginTest_001@c03f1f]" name="tearDown" is-config="true" duration-ms="1327" started-at="2023-01-25T08:50:31 IST" finished-at="2023-01-25T08:50:32 IST">
          <reporter-output>
          </reporter-output>
        </test-method> <!-- tearDown -->
      </class> <!-- com.inetbanking.testCases.TC_LoginTest_001 -->
    </test> <!-- BankingApp Test -->
  </suite> <!-- inetbankingV3 -->
</testng-results>
